<?xml version="1.0" encoding="UTF-8"?>
<testsuites>
  <testsuite name="fastlane.lanes">
    
    
    
      
      <testcase classname="fastlane.lanes" name="0: default_platform" time="0.001062">
        
      </testcase>
    
      
      <testcase classname="fastlane.lanes" name="1: clean bundle" time="3.911284">
        
          <failure message="/usr/local/Cellar/fastlane/2.204.2/libexec/gems/fastlane-2.204.2/fastlane/lib/fastlane/actions/actions_helper.rb:67:in `execute_action&apos;&#10;/usr/local/Cellar/fastlane/2.204.2/libexec/gems/fastlane-2.204.2/fastlane/lib/fastlane/runner.rb:255:in `block in execute_action&apos;&#10;/usr/local/Cellar/fastlane/2.204.2/libexec/gems/fastlane-2.204.2/fastlane/lib/fastlane/runner.rb:229:in `chdir&apos;&#10;/usr/local/Cellar/fastlane/2.204.2/libexec/gems/fastlane-2.204.2/fastlane/lib/fastlane/runner.rb:229:in `execute_action&apos;&#10;/usr/local/Cellar/fastlane/2.204.2/libexec/gems/fastlane-2.204.2/fastlane/lib/fastlane/runner.rb:157:in `trigger_action_by_name&apos;&#10;/usr/local/Cellar/fastlane/2.204.2/libexec/gems/fastlane-2.204.2/fastlane/lib/fastlane/fast_file.rb:159:in `method_missing&apos;&#10;Fastfile:27:in `block (2 levels) in parsing_binding&apos;&#10;/usr/local/Cellar/fastlane/2.204.2/libexec/gems/fastlane-2.204.2/fastlane/lib/fastlane/lane.rb:33:in `call&apos;&#10;/usr/local/Cellar/fastlane/2.204.2/libexec/gems/fastlane-2.204.2/fastlane/lib/fastlane/runner.rb:49:in `block in execute&apos;&#10;/usr/local/Cellar/fastlane/2.204.2/libexec/gems/fastlane-2.204.2/fastlane/lib/fastlane/runner.rb:45:in `chdir&apos;&#10;/usr/local/Cellar/fastlane/2.204.2/libexec/gems/fastlane-2.204.2/fastlane/lib/fastlane/runner.rb:45:in `execute&apos;&#10;/usr/local/Cellar/fastlane/2.204.2/libexec/gems/fastlane-2.204.2/fastlane/lib/fastlane/lane_manager.rb:47:in `cruise_lane&apos;&#10;/usr/local/Cellar/fastlane/2.204.2/libexec/gems/fastlane-2.204.2/fastlane/lib/fastlane/command_line_handler.rb:36:in `handle&apos;&#10;/usr/local/Cellar/fastlane/2.204.2/libexec/gems/fastlane-2.204.2/fastlane/lib/fastlane/commands_generator.rb:109:in `block (2 levels) in run&apos;&#10;/usr/local/Cellar/fastlane/2.204.2/libexec/gems/commander-4.6.0/lib/commander/command.rb:187:in `call&apos;&#10;/usr/local/Cellar/fastlane/2.204.2/libexec/gems/commander-4.6.0/lib/commander/command.rb:157:in `run&apos;&#10;/usr/local/Cellar/fastlane/2.204.2/libexec/gems/commander-4.6.0/lib/commander/runner.rb:444:in `run_active_command&apos;&#10;/usr/local/Cellar/fastlane/2.204.2/libexec/gems/fastlane-2.204.2/fastlane_core/lib/fastlane_core/ui/fastlane_runner.rb:124:in `run!&apos;&#10;/usr/local/Cellar/fastlane/2.204.2/libexec/gems/commander-4.6.0/lib/commander/delegates.rb:18:in `run!&apos;&#10;/usr/local/Cellar/fastlane/2.204.2/libexec/gems/fastlane-2.204.2/fastlane/lib/fastlane/commands_generator.rb:353:in `run&apos;&#10;/usr/local/Cellar/fastlane/2.204.2/libexec/gems/fastlane-2.204.2/fastlane/lib/fastlane/commands_generator.rb:42:in `start&apos;&#10;/usr/local/Cellar/fastlane/2.204.2/libexec/gems/fastlane-2.204.2/fastlane/lib/fastlane/cli_tools_distributor.rb:122:in `take_off&apos;&#10;/usr/local/Cellar/fastlane/2.204.2/libexec/gems/fastlane-2.204.2/bin/fastlane:23:in `&lt;top (required)&gt;&apos;&#10;/usr/local/Cellar/fastlane/2.204.2/libexec/bin/fastlane:25:in `load&apos;&#10;/usr/local/Cellar/fastlane/2.204.2/libexec/bin/fastlane:25:in `&lt;main&gt;&apos;&#10;&#10;Exit status of command &apos;/Users/nisha/Documents/DEMO_APP/GithubActionExample/gradlew clean bundle -p .&apos; was 1 instead of 0.&#10;&#10;FAILURE: Build completed with 2 failures.&#10;&#10;1: Task failed with an exception.&#10;-----------&#10;* Where:&#10;Build file &apos;/Users/nisha/Documents/DEMO_APP/GithubActionExample/app/build.gradle&apos; line: 8&#10;&#10;* What went wrong:&#10;A problem occurred evaluating project &apos;:app&apos;.&#10;&gt; /Users/nisha/Documents/DEMO_APP/GithubActionExample/keystore.properties (No such file or directory)&#10;&#10;* Try:&#10;&gt; Run with --stacktrace option to get the stack trace.&#10;&gt; Run with --info or --debug option to get more log output.&#10;&gt; Run with --scan to get full insights.&#10;==============================================================================&#10;&#10;2: Task failed with an exception.&#10;-----------&#10;* What went wrong:&#10;A problem occurred configuring project &apos;:app&apos;.&#10;&gt; compileSdkVersion is not specified. Please add it to build.gradle&#10;&#10;* Try:&#10;&gt; Run with --stacktrace option to get the stack trace.&#10;&gt; Run with --info or --debug option to get more log output.&#10;&gt; Run with --scan to get full insights.&#10;==============================================================================&#10;&#10;* Get more help at https://help.gradle.org&#10;&#10;BUILD FAILED in 3s&#10;" />
        
      </testcase>
    
  </testsuite>
</testsuites>
